<?xml version="1.0" encoding="UTF-8" ?>
<testsuite errors="0" failures="0" hostname="chanyanuds-MacBook-Pro.local" name="RationalTest" skipped="0" tests="4" time="0.034" timestamp="2023-09-20T08:04:02">
  <properties>
[...]
</properties>
  <testcase classname="RationalTest" name="testAdd" time="0.004" />
  <testcase classname="RationalTest" name="testEqual" time="0.0" />
  <testcase classname="RationalTest" name="testSubstract" time="0.0" />
  <testcase classname="RationalTest" name="testMultiply" time="0.0" />
  <system-out><![CDATA[]]></system-out>
  <system-err><![CDATA[]]></system-err>
</testsuite>
